<?xml version="1.0" encoding="UTF-8"?>
<testng-results ignored="0" total="1" passed="1" failed="0" skipped="0">
  <reporter-output>
  </reporter-output>
  <suite started-at="2022-07-28T11:05:14 EET" name="Default suite" finished-at="2022-07-28T11:05:17 EET" duration-ms="2695">
    <groups>
    </groups>
    <test started-at="2022-07-28T11:05:14 EET" name="Default test" finished-at="2022-07-28T11:05:17 EET" duration-ms="2695">
      <class name="testCases.GetUserPosts">
        <test-method signature="getUserPostsAndVerifyContainsValidsIDs()[pri:0, instance:testCases.GetUserPosts@581ac8a8]" started-at="2022-07-28T11:05:14 EET" name="getUserPostsAndVerifyContainsValidsIDs" finished-at="2022-07-28T11:05:17 EET" duration-ms="2648" status="PASS">
          <reporter-output>
          </reporter-output>
        </test-method> <!-- getUserPostsAndVerifyContainsValidsIDs -->
      </class> <!-- testCases.GetUserPosts -->
    </test> <!-- Default test -->
  </suite> <!-- Default suite -->
</testng-results>
